<?xml version="1.0" encoding="UTF-8"?>
<!-- Generated by org.testng.reporters.JUnitReportReporter -->
<testsuite hostname="OA-STUDENT" failures="0" tests="2" name="ExcelOperation.AssertExample" time="6.445" errors="0" timestamp="2023-11-20T18:55:57 IST" skipped="0">
  <testcase classname="ExcelOperation.AssertExample" name="testcase2" time="4.284"/>
  <testcase classname="ExcelOperation.AssertExample" name="testcase1" time="2.161"/>
</testsuite> <!-- ExcelOperation.AssertExample -->
