<?xml version="1.0" encoding="UTF-8"?>
<!-- Generated by org.testng.reporters.JUnitReportReporter -->
<testsuite hostname="OA-STUDENT" failures="0" tests="2" name="TestngPackage.DemoClass" time="0.006" errors="0" timestamp="2023-12-01T18:31:40 IST" skipped="0">
  <testcase classname="TestngPackage.DemoClass" name="test1" time="0.002"/>
  <testcase classname="TestngPackage.DemoClass" name="test2" time="0.004"/>
</testsuite> <!-- TestngPackage.DemoClass -->
