<?xml version="1.0" encoding="UTF-8"?>
<!-- Generated by org.testng.reporters.JUnitReportReporter -->
<testsuite hostname="OA-STUDENT" failures="0" tests="2" name="TestngPackage.Bclass" time="0.011" errors="0" timestamp="2023-11-27T19:02:34 IST" skipped="0">
  <testcase classname="TestngPackage.Bclass" name="class1" time="0.008"/>
  <testcase classname="TestngPackage.Bclass" name="class2" time="0.003"/>
</testsuite> <!-- TestngPackage.Bclass -->
