<?xml version="1.0" encoding="UTF-8"?>
<!-- Generated by org.testng.reporters.JUnitReportReporter -->
<testsuite hostname="OA-STUDENT" failures="0" tests="6" name="TestngPackage.Annotations" time="0.026" errors="0" timestamp="2023-12-01T18:39:15 IST" skipped="0">
  <testcase classname="TestngPackage.Annotations" name="test1" time="0.011"/>
  <testcase classname="TestngPackage.Annotations" name="test1" time="0.002"/>
  <testcase classname="TestngPackage.Annotations" name="test0" time="0.001"/>
  <testcase classname="TestngPackage.Annotations" name="test0" time="0.004"/>
  <testcase classname="TestngPackage.Annotations" name="test0" time="0.003"/>
  <testcase classname="TestngPackage.Annotations" name="test2" time="0.005"/>
</testsuite> <!-- TestngPackage.Annotations -->
