<?xml version="1.0" encoding="UTF-8"?>
<!-- Generated by org.testng.reporters.JUnitReportReporter -->
<testsuite hostname="OA-STUDENT" failures="0" tests="6" name="TestngPackage.LoginDemo" time="49.705" errors="0" timestamp="2023-12-01T19:03:10 IST" skipped="0">
  <testcase classname="TestngPackage.LoginDemo" name="login" time="8.235"/>
  <testcase classname="TestngPackage.LoginDemo" name="login" time="6.997"/>
  <testcase classname="TestngPackage.LoginDemo" name="login" time="12.010"/>
  <testcase classname="TestngPackage.LoginDemo" name="login" time="8.191"/>
  <testcase classname="TestngPackage.LoginDemo" name="login" time="6.937"/>
  <testcase classname="TestngPackage.LoginDemo" name="login" time="7.335"/>
</testsuite> <!-- TestngPackage.LoginDemo -->
