<?xml version="1.0" encoding="UTF-8"?>
<!-- Generated by org.testng.reporters.JUnitReportReporter -->
<testsuite hostname="OA-STUDENT" failures="0" tests="1" name="ExcelOperation.ReadDataFromExcel" time="0.725" errors="0" timestamp="2023-11-10T18:50:52 IST" skipped="0">
  <testcase classname="ExcelOperation.ReadDataFromExcel" name="read" time="0.725"/>
</testsuite> <!-- ExcelOperation.ReadDataFromExcel -->
